Determining if the pthread_create exist failed with the following output:
Change Dir: /home/cs18/Documents/pa8/Assignment8/build/CMakeFiles/CMakeTmp

Run Build Command:"/usr/bin/make" "cmTC_d6bc7/fast"
/usr/bin/make -f CMakeFiles/cmTC_d6bc7.dir/build.make CMakeFiles/cmTC_d6bc7.dir/build
make[1]: 进入目录“/home/cs18/Documents/pa8/Assignment8/build/CMakeFiles/CMakeTmp”
Building C object CMakeFiles/cmTC_d6bc7.dir/CheckSymbolExists.c.o
/usr/bin/cc    -o CMakeFiles/cmTC_d6bc7.dir/CheckSymbolExists.c.o   -c /home/cs18/Documents/pa8/Assignment8/build/CMakeFiles/CMakeTmp/CheckSymbolExists.c
Linking C executable cmTC_d6bc7
/usr/bin/cmake -E cmake_link_script CMakeFiles/cmTC_d6bc7.dir/link.txt --verbose=1
/usr/bin/cc      -rdynamic CMakeFiles/cmTC_d6bc7.dir/CheckSymbolExists.c.o  -o cmTC_d6bc7 
CMakeFiles/cmTC_d6bc7.dir/CheckSymbolExists.c.o：在函数‘main’中：
CheckSymbolExists.c:(.text+0x1b)：对‘pthread_create’未定义的引用
collect2: error: ld returned 1 exit status
CMakeFiles/cmTC_d6bc7.dir/build.make:97: recipe for target 'cmTC_d6bc7' failed
make[1]: *** [cmTC_d6bc7] Error 1
make[1]: 离开目录“/home/cs18/Documents/pa8/Assignment8/build/CMakeFiles/CMakeTmp”
Makefile:126: recipe for target 'cmTC_d6bc7/fast' failed
make: *** [cmTC_d6bc7/fast] Error 2

File /home/cs18/Documents/pa8/Assignment8/build/CMakeFiles/CMakeTmp/CheckSymbolExists.c:
/* */
#include <pthread.h>

int main(int argc, char** argv)
{
  (void)argv;
#ifndef pthread_create
  return ((int*)(&pthread_create))[argc];
#else
  (void)argc;
  return 0;
#endif
}

Determining if the function pthread_create exists in the pthreads failed with the following output:
Change Dir: /home/cs18/Documents/pa8/Assignment8/build/CMakeFiles/CMakeTmp

Run Build Command:"/usr/bin/make" "cmTC_32e1a/fast"
/usr/bin/make -f CMakeFiles/cmTC_32e1a.dir/build.make CMakeFiles/cmTC_32e1a.dir/build
make[1]: 进入目录“/home/cs18/Documents/pa8/Assignment8/build/CMakeFiles/CMakeTmp”
Building C object CMakeFiles/cmTC_32e1a.dir/CheckFunctionExists.c.o
/usr/bin/cc   -DCHECK_FUNCTION_EXISTS=pthread_create   -o CMakeFiles/cmTC_32e1a.dir/CheckFunctionExists.c.o   -c /usr/share/cmake-3.10/Modules/CheckFunctionExists.c
Linking C executable cmTC_32e1a
/usr/bin/cmake -E cmake_link_script CMakeFiles/cmTC_32e1a.dir/link.txt --verbose=1
/usr/bin/cc  -DCHECK_FUNCTION_EXISTS=pthread_create    -rdynamic CMakeFiles/cmTC_32e1a.dir/CheckFunctionExists.c.o  -o cmTC_32e1a -lpthreads 
/usr/bin/ld: 找不到 -lpthreads
collect2: error: ld returned 1 exit status
CMakeFiles/cmTC_32e1a.dir/build.make:97: recipe for target 'cmTC_32e1a' failed
make[1]: *** [cmTC_32e1a] Error 1
make[1]: 离开目录“/home/cs18/Documents/pa8/Assignment8/build/CMakeFiles/CMakeTmp”
Makefile:126: recipe for target 'cmTC_32e1a/fast' failed
make: *** [cmTC_32e1a/fast] Error 2


Determining if the function glXGetProcAddressEXT exists failed with the following output:
Change Dir: /home/cs18/Documents/pa8/Assignment8/build/CMakeFiles/CMakeTmp

Run Build Command:"/usr/bin/make" "cmTC_ca186/fast"
/usr/bin/make -f CMakeFiles/cmTC_ca186.dir/build.make CMakeFiles/cmTC_ca186.dir/build
make[1]: 进入目录“/home/cs18/Documents/pa8/Assignment8/build/CMakeFiles/CMakeTmp”
Building C object CMakeFiles/cmTC_ca186.dir/CheckFunctionExists.c.o
/usr/bin/cc   -DCHECK_FUNCTION_EXISTS=glXGetProcAddressEXT   -o CMakeFiles/cmTC_ca186.dir/CheckFunctionExists.c.o   -c /usr/share/cmake-3.10/Modules/CheckFunctionExists.c
Linking C executable cmTC_ca186
/usr/bin/cmake -E cmake_link_script CMakeFiles/cmTC_ca186.dir/link.txt --verbose=1
/usr/bin/cc  -DCHECK_FUNCTION_EXISTS=glXGetProcAddressEXT    -rdynamic CMakeFiles/cmTC_ca186.dir/CheckFunctionExists.c.o  -o cmTC_ca186 /usr/lib/x86_64-linux-gnu/libGL.so 
CMakeFiles/cmTC_ca186.dir/CheckFunctionExists.c.o：在函数‘main’中：
CheckFunctionExists.c:(.text+0x10)：对‘glXGetProcAddressEXT’未定义的引用
collect2: error: ld returned 1 exit status
CMakeFiles/cmTC_ca186.dir/build.make:98: recipe for target 'cmTC_ca186' failed
make[1]: *** [cmTC_ca186] Error 1
make[1]: 离开目录“/home/cs18/Documents/pa8/Assignment8/build/CMakeFiles/CMakeTmp”
Makefile:126: recipe for target 'cmTC_ca186/fast' failed
make: *** [cmTC_ca186/fast] Error 2


